<?xml version="1.0" encoding="UTF-8"?>
<testng-results ignored="0" total="1" passed="1" failed="0" skipped="0">
  <reporter-output>
  </reporter-output>
  <suite started-at="2021-10-06T17:23:31 PDT" name="Default suite" finished-at="2021-10-06T17:24:26 PDT" duration-ms="54616">
    <groups>
    </groups>
    <test started-at="2021-10-06T17:23:31 PDT" name="Default test" finished-at="2021-10-06T17:24:26 PDT" duration-ms="54616">
      <class name="com.wbl.testCases.TC_LoginTest_001">
        <test-method is-config="true" signature="setup()[pri:0, instance:com.wbl.testCases.TC_LoginTest_001@1ffe63b9]" started-at="2021-10-06T17:23:31 PDT" name="setup" finished-at="2021-10-06T17:24:04 PDT" duration-ms="32668" status="PASS">
          <reporter-output>
          </reporter-output>
        </test-method> <!-- setup -->
        <test-method signature="loginTest()[pri:0, instance:com.wbl.testCases.TC_LoginTest_001@1ffe63b9]" started-at="2021-10-06T17:24:04 PDT" name="loginTest" finished-at="2021-10-06T17:24:19 PDT" duration-ms="15437" status="PASS">
          <reporter-output>
          </reporter-output>
        </test-method> <!-- loginTest -->
        <test-method is-config="true" signature="tearDown()[pri:0, instance:com.wbl.testCases.TC_LoginTest_001@1ffe63b9]" started-at="2021-10-06T17:24:20 PDT" name="tearDown" finished-at="2021-10-06T17:24:26 PDT" duration-ms="6130" status="PASS">
          <reporter-output>
          </reporter-output>
        </test-method> <!-- tearDown -->
      </class> <!-- com.wbl.testCases.TC_LoginTest_001 -->
    </test> <!-- Default test -->
  </suite> <!-- Default suite -->
</testng-results>
